android_application/app/build/intermediates/manifest_merge_blame_file/debug/manifest-merger-blame-debug-report.txt
1<?xml version="1.0" encoding="utf-8"?>
2<manifest xmlns:android="http://schemas.android.com/apk/res/android"
3    package="com.example.donors"
4    android:versionCode="1"
5    android:versionName="1.0" >
6
7    <uses-sdk
8        android:minSdkVersion="28"
8-->src\main\AndroidManifest.xml
9        android:targetSdkVersion="30" />
9-->src\main\AndroidManifest.xml
10
11    <!-- Although the *SdkVersion is captured in gradle build files, this is required for non gradle builds -->
12    <!-- <uses-sdk android:minSdkVersion="14"/> -->
13    <uses-permission android:name="android.permission.ACCESS_NETWORK_STATE" />
13-->[com.google.firebase:firebase-storage:20.0.0] AndroidManifest.xml:26:5-79
13-->[com.google.firebase:firebase-storage:20.0.0] AndroidManifest.xml:26:22-76
14    <uses-permission android:name="android.permission.INTERNET" />
14-->[com.google.firebase:firebase-storage:20.0.0] AndroidManifest.xml:27:5-67
14-->[com.google.firebase:firebase-storage:20.0.0] AndroidManifest.xml:27:22-64
15    <uses-permission android:name="android.permission.WAKE_LOCK" />
15-->[androidx.work:work-runtime:2.5.0] AndroidManifest.xml:25:5-68
15-->[androidx.work:work-runtime:2.5.0] AndroidManifest.xml:25:22-65
16    <uses-permission android:name="android.permission.RECEIVE_BOOT_COMPLETED" />
16-->[androidx.work:work-runtime:2.5.0] AndroidManifest.xml:27:5-81
16-->[androidx.work:work-runtime:2.5.0] AndroidManifest.xml:27:22-78
17    <uses-permission android:name="android.permission.FOREGROUND_SERVICE" /> <!-- Required by older versions of Google Play services to create GCM registration tokens -->
17-->[androidx.work:work-runtime:2.5.0] AndroidManifest.xml:28:5-77
17-->[androidx.work:work-runtime:2.5.0] AndroidManifest.xml:28:22-74
18    <uses-permission android:name="com.google.android.c2dm.permission.RECEIVE" />
18-->[com.google.android.gms:play-services-gcm:17.0.0] AndroidManifest.xml:23:5-82
18-->[com.google.android.gms:play-services-gcm:17.0.0] AndroidManifest.xml:23:22-79
19    <uses-permission android:name="com.google.android.finsky.permission.BIND_GET_INSTALL_REFERRER_SERVICE" />
19-->[com.google.android.gms:play-services-measurement:19.0.0] AndroidManifest.xml:26:5-110
19-->[com.google.android.gms:play-services-measurement:19.0.0] AndroidManifest.xml:26:22-107
20
21    <application
21-->src\main\AndroidManifest.xml:5:5-22:19
22        android:allowBackup="true"
22-->src\main\AndroidManifest.xml:6:9-35
23        android:appComponentFactory="androidx.core.app.CoreComponentFactory"
23-->[androidx.core:core:1.3.2] AndroidManifest.xml:24:18-86
24        android:debuggable="true"
25        android:extractNativeLibs="false"
26        android:icon="@mipmap/ic_launcher"
26-->src\main\AndroidManifest.xml:7:9-43
27        android:label="@string/app_name"
27-->src\main\AndroidManifest.xml:8:9-41
28        android:roundIcon="@mipmap/ic_launcher_round"
28-->src\main\AndroidManifest.xml:9:9-54
29        android:supportsRtl="true"
29-->src\main\AndroidManifest.xml:10:9-35
30        android:testOnly="true"
31        android:theme="@style/Theme.Donors" >
31-->src\main\AndroidManifest.xml:11:9-44
32        <activity android:name="com.example.donors.activity.SecondActivity" />
32-->src\main\AndroidManifest.xml:12:9-70
32-->src\main\AndroidManifest.xml:12:19-58
33        <activity android:name="com.example.donors.MainActivity" />
33-->src\main\AndroidManifest.xml:13:9-50
33-->src\main\AndroidManifest.xml:13:19-47
34        <activity android:name="com.example.donors.activity.SignupActivity" />
34-->src\main\AndroidManifest.xml:14:9-61
34-->src\main\AndroidManifest.xml:14:19-58
35        <activity android:name="com.example.donors.activity.LoginActivity" >
35-->src\main\AndroidManifest.xml:15:9-21:20
35-->src\main\AndroidManifest.xml:15:19-57
36            <intent-filter>
36-->src\main\AndroidManifest.xml:16:13-20:29
37                <action android:name="android.intent.action.MAIN" />
37-->src\main\AndroidManifest.xml:17:17-69
37-->src\main\AndroidManifest.xml:17:25-66
38
39                <category android:name="android.intent.category.LAUNCHER" />
39-->src\main\AndroidManifest.xml:19:17-77
39-->src\main\AndroidManifest.xml:19:27-74
40            </intent-filter>
41        </activity>
42
43        <service
43-->[com.google.firebase:firebase-storage:20.0.0] AndroidManifest.xml:30:9-36:19
44            android:name="com.google.firebase.components.ComponentDiscoveryService"
44-->[com.google.firebase:firebase-storage:20.0.0] AndroidManifest.xml:31:13-84
45            android:directBootAware="true"
45-->[com.google.firebase:firebase-common:20.0.0] AndroidManifest.xml:35:13-43
46            android:exported="false" >
46-->[com.google.firebase:firebase-storage:20.0.0] AndroidManifest.xml:32:13-37
47            <meta-data
47-->[com.google.firebase:firebase-storage:20.0.0] AndroidManifest.xml:33:13-35:85
48                android:name="com.google.firebase.components:com.google.firebase.storage.StorageRegistrar"
48-->[com.google.firebase:firebase-storage:20.0.0] AndroidManifest.xml:34:17-107
49                android:value="com.google.firebase.components.ComponentRegistrar" />
49-->[com.google.firebase:firebase-storage:20.0.0] AndroidManifest.xml:35:17-82
50            <meta-data
50-->[com.google.firebase:firebase-auth:21.0.1] AndroidManifest.xml:77:13-79:85
51                android:name="com.google.firebase.components:com.google.firebase.auth.FirebaseAuthRegistrar"
51-->[com.google.firebase:firebase-auth:21.0.1] AndroidManifest.xml:78:17-109
52                android:value="com.google.firebase.components.ComponentRegistrar" />
52-->[com.google.firebase:firebase-auth:21.0.1] AndroidManifest.xml:79:17-82
53            <meta-data
53-->[com.google.android.gms:play-services-measurement-api:19.0.0] AndroidManifest.xml:30:13-32:85
54                android:name="com.google.firebase.components:com.google.firebase.analytics.connector.internal.AnalyticsConnectorRegistrar"
54-->[com.google.android.gms:play-services-measurement-api:19.0.0] AndroidManifest.xml:31:17-139
55                android:value="com.google.firebase.components.ComponentRegistrar" />
55-->[com.google.android.gms:play-services-measurement-api:19.0.0] AndroidManifest.xml:32:17-82
56            <meta-data
56-->[com.google.firebase:firebase-installations:17.0.0] AndroidManifest.xml:18:13-20:85
57                android:name="com.google.firebase.components:com.google.firebase.installations.FirebaseInstallationsRegistrar"
57-->[com.google.firebase:firebase-installations:17.0.0] AndroidManifest.xml:19:17-127
58                android:value="com.google.firebase.components.ComponentRegistrar" />
58-->[com.google.firebase:firebase-installations:17.0.0] AndroidManifest.xml:20:17-82
59        </service>
60
61        <activity
61-->[com.google.firebase:firebase-auth:21.0.1] AndroidManifest.xml:27:9-44:20
62            android:name="com.google.firebase.auth.internal.GenericIdpActivity"
62-->[com.google.firebase:firebase-auth:21.0.1] AndroidManifest.xml:28:13-80
63            android:excludeFromRecents="true"
63-->[com.google.firebase:firebase-auth:21.0.1] AndroidManifest.xml:29:13-46
64            android:exported="true"
64-->[com.google.firebase:firebase-auth:21.0.1] AndroidManifest.xml:30:13-36
65            android:launchMode="singleTask"
65-->[com.google.firebase:firebase-auth:21.0.1] AndroidManifest.xml:31:13-44
66            android:theme="@android:style/Theme.Translucent.NoTitleBar" >
66-->[com.google.firebase:firebase-auth:21.0.1] AndroidManifest.xml:32:13-72
67            <intent-filter>
67-->[com.google.firebase:firebase-auth:21.0.1] AndroidManifest.xml:33:13-43:29
68                <action android:name="android.intent.action.VIEW" />
68-->[com.google.firebase:firebase-auth:21.0.1] AndroidManifest.xml:34:17-69
68-->[com.google.firebase:firebase-auth:21.0.1] AndroidManifest.xml:34:25-66
69
70                <category android:name="android.intent.category.DEFAULT" />
70-->[com.google.firebase:firebase-auth:21.0.1] AndroidManifest.xml:36:17-76
70-->[com.google.firebase:firebase-auth:21.0.1] AndroidManifest.xml:36:27-73
71                <category android:name="android.intent.category.BROWSABLE" />
71-->[com.google.firebase:firebase-auth:21.0.1] AndroidManifest.xml:37:17-78
71-->[com.google.firebase:firebase-auth:21.0.1] AndroidManifest.xml:37:27-75
72
73                <data
73-->[com.google.firebase:firebase-auth:21.0.1] AndroidManifest.xml:39:17-42:51
74                    android:host="firebase.auth"
74-->[com.google.firebase:firebase-auth:21.0.1] AndroidManifest.xml:40:21-49
75                    android:path="/"
75-->[com.google.firebase:firebase-auth:21.0.1] AndroidManifest.xml:41:21-37
76                    android:scheme="genericidp" />
76-->[com.google.firebase:firebase-auth:21.0.1] AndroidManifest.xml:42:21-48
77            </intent-filter>
78        </activity>
79        <activity
79-->[com.google.firebase:firebase-auth:21.0.1] AndroidManifest.xml:45:9-62:20
80            android:name="com.google.firebase.auth.internal.RecaptchaActivity"
80-->[com.google.firebase:firebase-auth:21.0.1] AndroidManifest.xml:46:13-79
81            android:excludeFromRecents="true"
81-->[com.google.firebase:firebase-auth:21.0.1] AndroidManifest.xml:47:13-46
82            android:exported="true"
82-->[com.google.firebase:firebase-auth:21.0.1] AndroidManifest.xml:48:13-36
83            android:launchMode="singleTask"
83-->[com.google.firebase:firebase-auth:21.0.1] AndroidManifest.xml:49:13-44
84            android:theme="@android:style/Theme.Translucent.NoTitleBar" >
84-->[com.google.firebase:firebase-auth:21.0.1] AndroidManifest.xml:50:13-72
85            <intent-filter>
85-->[com.google.firebase:firebase-auth:21.0.1] AndroidManifest.xml:51:13-61:29
86                <action android:name="android.intent.action.VIEW" />
86-->[com.google.firebase:firebase-auth:21.0.1] AndroidManifest.xml:34:17-69
86-->[com.google.firebase:firebase-auth:21.0.1] AndroidManifest.xml:34:25-66
87
88                <category android:name="android.intent.category.DEFAULT" />
88-->[com.google.firebase:firebase-auth:21.0.1] AndroidManifest.xml:36:17-76
88-->[com.google.firebase:firebase-auth:21.0.1] AndroidManifest.xml:36:27-73
89                <category android:name="android.intent.category.BROWSABLE" />
89-->[com.google.firebase:firebase-auth:21.0.1] AndroidManifest.xml:37:17-78
89-->[com.google.firebase:firebase-auth:21.0.1] AndroidManifest.xml:37:27-75
90
91                <data
91-->[com.google.firebase:firebase-auth:21.0.1] AndroidManifest.xml:39:17-42:51
92                    android:host="firebase.auth"
92-->[com.google.firebase:firebase-auth:21.0.1] AndroidManifest.xml:40:21-49
93                    android:path="/"
93-->[com.google.firebase:firebase-auth:21.0.1] AndroidManifest.xml:41:21-37
94                    android:scheme="recaptcha" />
94-->[com.google.firebase:firebase-auth:21.0.1] AndroidManifest.xml:42:21-48
95            </intent-filter>
96        </activity>
97
98        <service
98-->[com.google.firebase:firebase-auth:21.0.1] AndroidManifest.xml:64:9-73:19
99            android:name="com.google.firebase.auth.api.fallback.service.FirebaseAuthFallbackService"
99-->[com.google.firebase:firebase-auth:21.0.1] AndroidManifest.xml:65:13-101
100            android:enabled="true"
100-->[com.google.firebase:firebase-auth:21.0.1] AndroidManifest.xml:66:13-35
101            android:exported="false" >
101-->[com.google.firebase:firebase-auth:21.0.1] AndroidManifest.xml:67:13-37
102            <intent-filter>
102-->[com.google.firebase:firebase-auth:21.0.1] AndroidManifest.xml:68:13-72:29
103                <action android:name="com.google.firebase.auth.api.gms.service.START" />
103-->[com.google.firebase:firebase-auth:21.0.1] AndroidManifest.xml:69:17-89
103-->[com.google.firebase:firebase-auth:21.0.1] AndroidManifest.xml:69:25-86
104
105                <category android:name="android.intent.category.DEFAULT" />
105-->[com.google.firebase:firebase-auth:21.0.1] AndroidManifest.xml:36:17-76
105-->[com.google.firebase:firebase-auth:21.0.1] AndroidManifest.xml:36:27-73
106            </intent-filter>
107        </service>
108        <service
108-->[androidx.work:work-gcm:2.5.0] AndroidManifest.xml:26:9-35:19
109            android:name="androidx.work.impl.background.gcm.WorkManagerGcmService"
109-->[androidx.work:work-gcm:2.5.0] AndroidManifest.xml:27:13-83
110            android:directBootAware="false"
110-->[androidx.work:work-gcm:2.5.0] AndroidManifest.xml:28:13-44
111            android:exported="@bool/enable_gcm_scheduler_default"
111-->[androidx.work:work-gcm:2.5.0] AndroidManifest.xml:29:13-66
112            android:permission="com.google.android.gms.permission.BIND_NETWORK_TASK_SERVICE" >
112-->[androidx.work:work-gcm:2.5.0] AndroidManifest.xml:30:13-93
113            <intent-filter>
113-->[androidx.work:work-gcm:2.5.0] AndroidManifest.xml:32:13-34:29
114                <action android:name="com.google.android.gms.gcm.ACTION_TASK_READY" />
114-->[androidx.work:work-gcm:2.5.0] AndroidManifest.xml:33:17-87
114-->[androidx.work:work-gcm:2.5.0] AndroidManifest.xml:33:25-84
115            </intent-filter>
116        </service>
117        <service
117-->[androidx.work:work-multiprocess:2.5.0] AndroidManifest.xml:25:9-27:40
118            android:name="androidx.work.multiprocess.RemoteWorkManagerService"
118-->[androidx.work:work-multiprocess:2.5.0] AndroidManifest.xml:26:13-79
119            android:exported="false" />
119-->[androidx.work:work-multiprocess:2.5.0] AndroidManifest.xml:27:13-37
120
121        <provider
121-->[androidx.work:work-runtime:2.5.0] AndroidManifest.xml:31:9-37:35
122            android:name="androidx.work.impl.WorkManagerInitializer"
122-->[androidx.work:work-runtime:2.5.0] AndroidManifest.xml:32:13-69
123            android:authorities="com.example.donors.workmanager-init"
123-->[androidx.work:work-runtime:2.5.0] AndroidManifest.xml:33:13-68
124            android:directBootAware="false"
124-->[androidx.work:work-runtime:2.5.0] AndroidManifest.xml:34:13-44
125            android:exported="false"
125-->[androidx.work:work-runtime:2.5.0] AndroidManifest.xml:35:13-37
126            android:multiprocess="true" />
126-->[androidx.work:work-runtime:2.5.0] AndroidManifest.xml:36:13-40
127
128        <service
128-->[androidx.work:work-runtime:2.5.0] AndroidManifest.xml:39:9-44:35
129            android:name="androidx.work.impl.background.systemalarm.SystemAlarmService"
129-->[androidx.work:work-runtime:2.5.0] AndroidManifest.xml:40:13-88
130            android:directBootAware="false"
130-->[androidx.work:work-runtime:2.5.0] AndroidManifest.xml:41:13-44
131            android:enabled="@bool/enable_system_alarm_service_default"
131-->[androidx.work:work-runtime:2.5.0] AndroidManifest.xml:42:13-72
132            android:exported="false" />
132-->[androidx.work:work-runtime:2.5.0] AndroidManifest.xml:43:13-37
133        <service
133-->[androidx.work:work-runtime:2.5.0] AndroidManifest.xml:45:9-51:35
134            android:name="androidx.work.impl.background.systemjob.SystemJobService"
134-->[androidx.work:work-runtime:2.5.0] AndroidManifest.xml:46:13-84
135            android:directBootAware="false"
135-->[androidx.work:work-runtime:2.5.0] AndroidManifest.xml:47:13-44
136            android:enabled="@bool/enable_system_job_service_default"
136-->[androidx.work:work-runtime:2.5.0] AndroidManifest.xml:48:13-70
137            android:exported="true"
137-->[androidx.work:work-runtime:2.5.0] AndroidManifest.xml:49:13-36
138            android:permission="android.permission.BIND_JOB_SERVICE" />
138-->[androidx.work:work-runtime:2.5.0] AndroidManifest.xml:50:13-69
139        <service
139-->[androidx.work:work-runtime:2.5.0] AndroidManifest.xml:52:9-57:35
140            android:name="androidx.work.impl.foreground.SystemForegroundService"
140-->[androidx.work:work-runtime:2.5.0] AndroidManifest.xml:53:13-81
141            android:directBootAware="false"
141-->[androidx.work:work-runtime:2.5.0] AndroidManifest.xml:54:13-44
142            android:enabled="@bool/enable_system_foreground_service_default"
142-->[androidx.work:work-runtime:2.5.0] AndroidManifest.xml:55:13-77
143            android:exported="false" />
143-->[androidx.work:work-runtime:2.5.0] AndroidManifest.xml:56:13-37
144
145        <receiver
145-->[androidx.work:work-runtime:2.5.0] AndroidManifest.xml:59:9-64:35
146            android:name="androidx.work.impl.utils.ForceStopRunnable$BroadcastReceiver"
146-->[androidx.work:work-runtime:2.5.0] AndroidManifest.xml:60:13-88
147            android:directBootAware="false"
147-->[androidx.work:work-runtime:2.5.0] AndroidManifest.xml:61:13-44
148            android:enabled="true"
148-->[androidx.work:work-runtime:2.5.0] AndroidManifest.xml:62:13-35
149            android:exported="false" />
149-->[androidx.work:work-runtime:2.5.0] AndroidManifest.xml:63:13-37
150        <receiver
150-->[androidx.work:work-runtime:2.5.0] AndroidManifest.xml:65:9-75:20
151            android:name="androidx.work.impl.background.systemalarm.ConstraintProxy$BatteryChargingProxy"
151-->[androidx.work:work-runtime:2.5.0] AndroidManifest.xml:66:13-106
152            android:directBootAware="false"
152-->[androidx.work:work-runtime:2.5.0] AndroidManifest.xml:67:13-44
153            android:enabled="false"
153-->[androidx.work:work-runtime:2.5.0] AndroidManifest.xml:68:13-36
154            android:exported="false" >
154-->[androidx.work:work-runtime:2.5.0] AndroidManifest.xml:69:13-37
155            <intent-filter>
155-->[androidx.work:work-runtime:2.5.0] AndroidManifest.xml:71:13-74:29
156                <action android:name="android.intent.action.ACTION_POWER_CONNECTED" />
156-->[androidx.work:work-runtime:2.5.0] AndroidManifest.xml:72:17-87
156-->[androidx.work:work-runtime:2.5.0] AndroidManifest.xml:72:25-84
157                <action android:name="android.intent.action.ACTION_POWER_DISCONNECTED" />
157-->[androidx.work:work-runtime:2.5.0] AndroidManifest.xml:73:17-90
157-->[androidx.work:work-runtime:2.5.0] AndroidManifest.xml:73:25-87
158            </intent-filter>
159        </receiver>
160        <receiver
160-->[androidx.work:work-runtime:2.5.0] AndroidManifest.xml:76:9-86:20
161            android:name="androidx.work.impl.background.systemalarm.ConstraintProxy$BatteryNotLowProxy"
161-->[androidx.work:work-runtime:2.5.0] AndroidManifest.xml:77:13-104
162            android:directBootAware="false"
162-->[androidx.work:work-runtime:2.5.0] AndroidManifest.xml:78:13-44
163            android:enabled="false"
163-->[androidx.work:work-runtime:2.5.0] AndroidManifest.xml:79:13-36
164            android:exported="false" >
164-->[androidx.work:work-runtime:2.5.0] AndroidManifest.xml:80:13-37
165            <intent-filter>
165-->[androidx.work:work-runtime:2.5.0] AndroidManifest.xml:82:13-85:29
166                <action android:name="android.intent.action.BATTERY_OKAY" />
166-->[androidx.work:work-runtime:2.5.0] AndroidManifest.xml:83:17-77
166-->[androidx.work:work-runtime:2.5.0] AndroidManifest.xml:83:25-74
167                <action android:name="android.intent.action.BATTERY_LOW" />
167-->[androidx.work:work-runtime:2.5.0] AndroidManifest.xml:84:17-76
167-->[androidx.work:work-runtime:2.5.0] AndroidManifest.xml:84:25-73
168            </intent-filter>
169        </receiver>
170        <receiver
170-->[androidx.work:work-runtime:2.5.0] AndroidManifest.xml:87:9-97:20
171            android:name="androidx.work.impl.background.systemalarm.ConstraintProxy$StorageNotLowProxy"
171-->[androidx.work:work-runtime:2.5.0] AndroidManifest.xml:88:13-104
172            android:directBootAware="false"
172-->[androidx.work:work-runtime:2.5.0] AndroidManifest.xml:89:13-44
173            android:enabled="false"
173-->[androidx.work:work-runtime:2.5.0] AndroidManifest.xml:90:13-36
174            android:exported="false" >
174-->[androidx.work:work-runtime:2.5.0] AndroidManifest.xml:91:13-37
175            <intent-filter>
175-->[androidx.work:work-runtime:2.5.0] AndroidManifest.xml:93:13-96:29
176                <action android:name="android.intent.action.DEVICE_STORAGE_LOW" />
176-->[androidx.work:work-runtime:2.5.0] AndroidManifest.xml:94:17-83
176-->[androidx.work:work-runtime:2.5.0] AndroidManifest.xml:94:25-80
177                <action android:name="android.intent.action.DEVICE_STORAGE_OK" />
177-->[androidx.work:work-runtime:2.5.0] AndroidManifest.xml:95:17-82
177-->[androidx.work:work-runtime:2.5.0] AndroidManifest.xml:95:25-79
178            </intent-filter>
179        </receiver>
180        <receiver
180-->[androidx.work:work-runtime:2.5.0] AndroidManifest.xml:98:9-107:20
181            android:name="androidx.work.impl.background.systemalarm.ConstraintProxy$NetworkStateProxy"
181-->[androidx.work:work-runtime:2.5.0] AndroidManifest.xml:99:13-103
182            android:directBootAware="false"
182-->[androidx.work:work-runtime:2.5.0] AndroidManifest.xml:100:13-44
183            android:enabled="false"
183-->[androidx.work:work-runtime:2.5.0] AndroidManifest.xml:101:13-36
184            android:exported="false" >
184-->[androidx.work:work-runtime:2.5.0] AndroidManifest.xml:102:13-37
185            <intent-filter>
185-->[androidx.work:work-runtime:2.5.0] AndroidManifest.xml:104:13-106:29
186                <action android:name="android.net.conn.CONNECTIVITY_CHANGE" />
186-->[androidx.work:work-runtime:2.5.0] AndroidManifest.xml:105:17-79
186-->[androidx.work:work-runtime:2.5.0] AndroidManifest.xml:105:25-76
187            </intent-filter>
188        </receiver>
189        <receiver
189-->[androidx.work:work-runtime:2.5.0] AndroidManifest.xml:108:9-119:20
190            android:name="androidx.work.impl.background.systemalarm.RescheduleReceiver"
190-->[androidx.work:work-runtime:2.5.0] AndroidManifest.xml:109:13-88
191            android:directBootAware="false"
191-->[androidx.work:work-runtime:2.5.0] AndroidManifest.xml:110:13-44
192            android:enabled="false"
192-->[androidx.work:work-runtime:2.5.0] AndroidManifest.xml:111:13-36
193            android:exported="false" >
193-->[androidx.work:work-runtime:2.5.0] AndroidManifest.xml:112:13-37
194            <intent-filter>
194-->[androidx.work:work-runtime:2.5.0] AndroidManifest.xml:114:13-118:29
195                <action android:name="android.intent.action.BOOT_COMPLETED" />
195-->[androidx.work:work-runtime:2.5.0] AndroidManifest.xml:115:17-79
195-->[androidx.work:work-runtime:2.5.0] AndroidManifest.xml:115:25-76
196                <action android:name="android.intent.action.TIME_SET" />
196-->[androidx.work:work-runtime:2.5.0] AndroidManifest.xml:116:17-73
196-->[androidx.work:work-runtime:2.5.0] AndroidManifest.xml:116:25-70
197                <action android:name="android.intent.action.TIMEZONE_CHANGED" />
197-->[androidx.work:work-runtime:2.5.0] AndroidManifest.xml:117:17-81
197-->[androidx.work:work-runtime:2.5.0] AndroidManifest.xml:117:25-78
198            </intent-filter>
199        </receiver>
200        <receiver
200-->[androidx.work:work-runtime:2.5.0] AndroidManifest.xml:120:9-129:20
201            android:name="androidx.work.impl.background.systemalarm.ConstraintProxyUpdateReceiver"
201-->[androidx.work:work-runtime:2.5.0] AndroidManifest.xml:121:13-99
202            android:directBootAware="false"
202-->[androidx.work:work-runtime:2.5.0] AndroidManifest.xml:122:13-44
203            android:enabled="@bool/enable_system_alarm_service_default"
203-->[androidx.work:work-runtime:2.5.0] AndroidManifest.xml:123:13-72
204            android:exported="false" >
204-->[androidx.work:work-runtime:2.5.0] AndroidManifest.xml:124:13-37
205            <intent-filter>
205-->[androidx.work:work-runtime:2.5.0] AndroidManifest.xml:126:13-128:29
206                <action android:name="androidx.work.impl.background.systemalarm.UpdateProxies" />
206-->[androidx.work:work-runtime:2.5.0] AndroidManifest.xml:127:17-98
206-->[androidx.work:work-runtime:2.5.0] AndroidManifest.xml:127:25-95
207            </intent-filter>
208        </receiver>
209        <receiver
209-->[androidx.work:work-runtime:2.5.0] AndroidManifest.xml:130:9-140:20
210            android:name="androidx.work.impl.diagnostics.DiagnosticsReceiver"
210-->[androidx.work:work-runtime:2.5.0] AndroidManifest.xml:131:13-78
211            android:directBootAware="false"
211-->[androidx.work:work-runtime:2.5.0] AndroidManifest.xml:132:13-44
212            android:enabled="true"
212-->[androidx.work:work-runtime:2.5.0] AndroidManifest.xml:133:13-35
213            android:exported="true"
213-->[androidx.work:work-runtime:2.5.0] AndroidManifest.xml:134:13-36
214            android:permission="android.permission.DUMP" >
214-->[androidx.work:work-runtime:2.5.0] AndroidManifest.xml:135:13-57
215            <intent-filter>
215-->[androidx.work:work-runtime:2.5.0] AndroidManifest.xml:137:13-139:29
216                <action android:name="androidx.work.diagnostics.REQUEST_DIAGNOSTICS" />
216-->[androidx.work:work-runtime:2.5.0] AndroidManifest.xml:138:17-88
216-->[androidx.work:work-runtime:2.5.0] AndroidManifest.xml:138:25-85
217            </intent-filter>
218        </receiver>
219
220        <service
220-->[androidx.room:room-runtime:2.2.6] AndroidManifest.xml:25:9-28:40
221            android:name="androidx.room.MultiInstanceInvalidationService"
221-->[androidx.room:room-runtime:2.2.6] AndroidManifest.xml:26:13-74
222            android:directBootAware="true"
222-->[androidx.room:room-runtime:2.2.6] AndroidManifest.xml:27:13-43
223            android:exported="false" />
223-->[androidx.room:room-runtime:2.2.6] AndroidManifest.xml:28:13-37
224
225        <provider
225-->[com.google.firebase:firebase-common:20.0.0] AndroidManifest.xml:26:9-31:39
226            android:name="com.google.firebase.provider.FirebaseInitProvider"
226-->[com.google.firebase:firebase-common:20.0.0] AndroidManifest.xml:27:13-77
227            android:authorities="com.example.donors.firebaseinitprovider"
227-->[com.google.firebase:firebase-common:20.0.0] AndroidManifest.xml:28:13-72
228            android:directBootAware="true"
228-->[com.google.firebase:firebase-common:20.0.0] AndroidManifest.xml:29:13-43
229            android:exported="false"
229-->[com.google.firebase:firebase-common:20.0.0] AndroidManifest.xml:30:13-37
230            android:initOrder="100" />
230-->[com.google.firebase:firebase-common:20.0.0] AndroidManifest.xml:31:13-36
231
232        <activity
232-->[com.google.android.gms:play-services-base:17.1.0] AndroidManifest.xml:23:9-26:75
233            android:name="com.google.android.gms.common.api.GoogleApiActivity"
233-->[com.google.android.gms:play-services-base:17.1.0] AndroidManifest.xml:24:13-79
234            android:exported="false"
234-->[com.google.android.gms:play-services-base:17.1.0] AndroidManifest.xml:25:13-37
235            android:theme="@android:style/Theme.Translucent.NoTitleBar" />
235-->[com.google.android.gms:play-services-base:17.1.0] AndroidManifest.xml:26:13-72
236
237        <receiver
237-->[com.google.android.gms:play-services-measurement:19.0.0] AndroidManifest.xml:29:9-33:20
238            android:name="com.google.android.gms.measurement.AppMeasurementReceiver"
238-->[com.google.android.gms:play-services-measurement:19.0.0] AndroidManifest.xml:30:13-85
239            android:enabled="true"
239-->[com.google.android.gms:play-services-measurement:19.0.0] AndroidManifest.xml:31:13-35
240            android:exported="false" >
240-->[com.google.android.gms:play-services-measurement:19.0.0] AndroidManifest.xml:32:13-37
241        </receiver>
242
243        <service
243-->[com.google.android.gms:play-services-measurement:19.0.0] AndroidManifest.xml:35:9-38:40
244            android:name="com.google.android.gms.measurement.AppMeasurementService"
244-->[com.google.android.gms:play-services-measurement:19.0.0] AndroidManifest.xml:36:13-84
245            android:enabled="true"
245-->[com.google.android.gms:play-services-measurement:19.0.0] AndroidManifest.xml:37:13-35
246            android:exported="false" />
246-->[com.google.android.gms:play-services-measurement:19.0.0] AndroidManifest.xml:38:13-37
247        <service
247-->[com.google.android.gms:play-services-measurement:19.0.0] AndroidManifest.xml:39:9-43:72
248            android:name="com.google.android.gms.measurement.AppMeasurementJobService"
248-->[com.google.android.gms:play-services-measurement:19.0.0] AndroidManifest.xml:40:13-87
249            android:enabled="true"
249-->[com.google.android.gms:play-services-measurement:19.0.0] AndroidManifest.xml:41:13-35
250            android:exported="false"
250-->[com.google.android.gms:play-services-measurement:19.0.0] AndroidManifest.xml:42:13-37
251            android:permission="android.permission.BIND_JOB_SERVICE" />
251-->[com.google.android.gms:play-services-measurement:19.0.0] AndroidManifest.xml:43:13-69
252
253        <meta-data
253-->[com.google.android.gms:play-services-basement:17.1.0] AndroidManifest.xml:23:9-25:69
254            android:name="com.google.android.gms.version"
254-->[com.google.android.gms:play-services-basement:17.1.0] AndroidManifest.xml:24:13-58
255            android:value="@integer/google_play_services_version" />
255-->[com.google.android.gms:play-services-basement:17.1.0] AndroidManifest.xml:25:13-66
256    </application>
257
258</manifest>